<?xml version="1.0" encoding="UTF-8"?>
<testng-results ignored="0" total="0" passed="0" failed="0" skipped="0">
  <reporter-output>
  </reporter-output>
  <suite started-at="2023-11-20T20:42:20 COT" name="tests.BaseMobileTest" finished-at="2023-11-20T20:42:20 COT" duration-ms="11">
    <groups>
    </groups>
    <test started-at="2023-11-20T20:42:20 COT" name="Command line test" finished-at="2023-11-20T20:42:20 COT" duration-ms="11">
    </test> <!-- Command line test -->
  </suite> <!-- tests.BaseMobileTest -->
</testng-results>
